Resolving dependencies...
Downloading packages...
  _fe_analyzer_shared 67.0.0 (93.0.0 available)
  analyzer 6.4.1 (10.0.1 available)
  app_links 6.4.1 (7.0.0 available)
  build 2.4.1 (4.0.4 available)
  build_config 1.1.2 (1.2.0 available)
  build_resolvers 2.4.2 (3.0.4 available)
  build_runner 2.4.13 (2.10.5 available)
  build_runner_core 7.3.2 (9.3.2 available)
  built_value 8.12.1 (8.12.3 available)
  characters 1.4.0 (1.4.1 available)
  connectivity_plus 6.1.5 (7.0.0 available)
  dart_style 2.3.6 (3.1.4 available)
  ffi 2.1.4 (2.1.5 available)
  flutter_launcher_icons 0.13.1 (0.14.4 available)
  flutter_lints 5.0.0 (6.0.0 available)
  flutter_riverpod 2.6.1 (3.2.0 available)
  geocoding_platform_interface 3.2.0 (5.0.0 available)
  geolocator_linux 0.2.3 (0.2.4 available)
  google_fonts 6.3.3 (8.0.0 available)
  image 4.5.4 (4.7.2 available)
  image_picker_android 0.8.13+10 (0.8.13+12 available)
  intl 0.19.0 (0.20.2 available)
  lints 5.1.1 (6.0.0 available)
  matcher 0.12.17 (0.12.18 available)
  material_color_utilities 0.11.1 (0.13.0 available)
  meta 1.17.0 (1.18.0 available)
  package_info_plus 8.3.1 (9.0.0 available)
  path_provider_foundation 2.5.1 (2.6.0 available)
  riverpod 2.6.1 (3.2.0 available)
  shared_preferences 2.5.3 (2.5.4 available)
  shared_preferences_android 2.4.18 (2.4.20 available)
  shelf_web_socket 2.0.1 (3.0.0 available)
  source_gen 1.5.0 (4.2.0 available)
  source_helper 1.3.5 (1.3.10 available)
  test_api 0.7.7 (0.7.9 available)
Got dependencies!
35 packages have newer versions incompatible with dependency constraints.
Try `flutter pub outdated` for more information.
Running Gradle task 'assembleDebug'...                          
e: file:///D:/PROYECTOS-FLUTTER/Celestya/android/app/build.gradle.kts:40:23: Unresolved reference: flutterVersionCode
e: file:///D:/PROYECTOS-FLUTTER/Celestya/android/app/build.gradle.kts:41:23: Unresolved reference: flutterVersionName

FAILURE: Build failed with an exception.

* Where:
Build file 'D:\PROYECTOS-FLUTTER\Celestya\android\app\build.gradle.kts' line: 40

* What went wrong:
Script compilation errors:

  Line 40:         versionCode = flutterVersionCode.toInt()
                                 ^ Unresolved reference: flutterVersionCode

  Line 41:         versionName = flutterVersionName
                                 ^ Unresolved reference: flutterVersionName

2 errors

* Try:
> Run with --stacktrace option to get the stack trace.
> Run with --info or --debug option to get more log output.
> Run with --scan to get full insights.
> Get more help at https://help.gradle.org.

BUILD FAILED in 2s
Running Gradle task 'assembleDebug'...                              3.2s
Gradle task assembleDebug failed with exit code 1
